-------------------------------------------------------------------------------
      name:  <unnamed>
       log:  /Users/jesper/Documents/Workspace/Github/efficiency-wages/results/
> diagnostics/logs/stata_appendix_tables.log
  log type:  text
 opened on:   5 May 2026, 05:14:31

. 
. tempname results

. postfile `results' str12 table_id str24 model str64 term double coefficient s
> td_error fit_stat observations using results/diagnostics/tables/appendix_tabl
> es_results.dta, replace

. 
. import delimited data/derived/agent_wage_long.csv, clear varnames(1)
(encoding automatically selected: ISO-8859-1)
(20 vars, 3,600 obs)

. xtset n

Panel variable: n (balanced)

. 
. foreach tr in P S {
  2.     local label = cond("`tr'" == "P", "GE", "Prosocial")
  3.     quietly xtreg effort c.wage if treatment == "`tr'", re cluster(n)
  4.     post `results' ("Table A.2") ("`label' real") ("Wage") (_b[wage]) (_se
> [wage]) (e(r2_o)) (e(N))
  5.     post `results' ("Table A.2") ("`label' real") ("Constant") (_b[_cons])
>  (_se[_cons]) (e(r2_o)) (e(N))
  6. }

. 
. import delimited data/derived/principal_beliefs_long.csv, clear varnames(1)
(encoding automatically selected: ISO-8859-1)
(15 vars, 3,600 obs)

. xtset principal_n

Panel variable: principal_n (balanced)

. 
. foreach tr in P S {
  2.     local label = cond("`tr'" == "P", "GE", "Prosocial")
  3.     quietly xtreg expectedeffort c.wage if treatment == "`tr'", re cluster
> (principal_n)
  4.     post `results' ("Table A.2") ("`label' expected") ("Wage") (_b[wage]) 
> (_se[wage]) (e(r2_o)) (e(N))
  5.     post `results' ("Table A.2") ("`label' expected") ("Constant") (_b[_co
> ns]) (_se[_cons]) (e(r2_o)) (e(N))
  6. }

. 
. import delimited data/derived/agent_wage_long.csv, clear varnames(1)
(encoding automatically selected: ISO-8859-1)
(20 vars, 3,600 obs)

. xtset n

Panel variable: n (balanced)

. 
. foreach tr in N PAN {
  2.     local label = cond("`tr'" == "N", "Neutral", "Efficiency")
  3.     quietly xtreg effort c.wage if treatment == "`tr'", re cluster(n)
  4.     post `results' ("Table A.3") ("`label' real") ("Wage") (_b[wage]) (_se
> [wage]) (e(r2_o)) (e(N))
  5.     post `results' ("Table A.3") ("`label' real") ("Constant") (_b[_cons])
>  (_se[_cons]) (e(r2_o)) (e(N))
  6. }

. 
. import delimited data/derived/principal_beliefs_long.csv, clear varnames(1)
(encoding automatically selected: ISO-8859-1)
(15 vars, 3,600 obs)

. xtset principal_n

Panel variable: principal_n (balanced)

. 
. foreach tr in N PAN {
  2.     local label = cond("`tr'" == "N", "Neutral", "Efficiency")
  3.     quietly xtreg expectedeffort c.wage if treatment == "`tr'", re cluster
> (principal_n)
  4.     post `results' ("Table A.3") ("`label' expected") ("Wage") (_b[wage]) 
> (_se[wage]) (e(r2_o)) (e(N))
  5.     post `results' ("Table A.3") ("`label' expected") ("Constant") (_b[_co
> ns]) (_se[_cons]) (e(r2_o)) (e(N))
  6. }

. 
. import delimited data/derived/agent_wage_long.csv, clear varnames(1)
(encoding automatically selected: ISO-8859-1)
(20 vars, 3,600 obs)

. keep if treatment == "P" | treatment == "S" | treatment == "N"
(1,080 observations deleted)

. generate wage_below_5 = wage < 5

. generate treatment_ge = treatment == "P"

. generate treatment_neutral = treatment == "N"

. xtset n

Panel variable: n (balanced)

. 
. quietly xtreg acceptance c.wage_below_5, re cluster(n)

. post `results' ("Table A.4") ("1") ("Wage<5") (_b[wage_below_5]) (_se[wage_be
> low_5]) (e(r2_o)) (e(N))

. post `results' ("Table A.4") ("1") ("Constant") (_b[_cons]) (_se[_cons]) (e(r
> 2_o)) (e(N))

. 
. quietly xtreg acceptance c.wage_below_5 c.treatment_ge c.treatment_neutral c.
> wage_below_5#c.treatment_ge c.wage_below_5#c.treatment_neutral, re cluster(n)

. post `results' ("Table A.4") ("2") ("Wage<5") (_b[wage_below_5]) (_se[wage_be
> low_5]) (e(r2_o)) (e(N))

. post `results' ("Table A.4") ("2") ("GE treatment") (_b[treatment_ge]) (_se[t
> reatment_ge]) (e(r2_o)) (e(N))

. post `results' ("Table A.4") ("2") ("Neutral treatment") (_b[treatment_neutra
> l]) (_se[treatment_neutral]) (e(r2_o)) (e(N))

. post `results' ("Table A.4") ("2") ("Wage<5*GE treatment") (_b[c.wage_below_5
> #c.treatment_ge]) (_se[c.wage_below_5#c.treatment_ge]) (e(r2_o)) (e(N))

. post `results' ("Table A.4") ("2") ("Wage<5*Neutral treatment") (_b[c.wage_be
> low_5#c.treatment_neutral]) (_se[c.wage_below_5#c.treatment_neutral]) (e(r2_o
> )) (e(N))

. post `results' ("Table A.4") ("2") ("Constant") (_b[_cons]) (_se[_cons]) (e(r
> 2_o)) (e(N))

. 
. quietly xtreg acceptance c.wage_below_5 c.treatment_ge c.treatment_neutral c.
> wage_below_5#c.treatment_ge c.wage_below_5#c.treatment_neutral i.gender i.stu
> dy age, re cluster(n)

. post `results' ("Table A.4") ("3") ("Wage<5") (_b[wage_below_5]) (_se[wage_be
> low_5]) (e(r2_o)) (e(N))

. post `results' ("Table A.4") ("3") ("GE treatment") (_b[treatment_ge]) (_se[t
> reatment_ge]) (e(r2_o)) (e(N))

. post `results' ("Table A.4") ("3") ("Neutral treatment") (_b[treatment_neutra
> l]) (_se[treatment_neutral]) (e(r2_o)) (e(N))

. post `results' ("Table A.4") ("3") ("Wage<5*GE treatment") (_b[c.wage_below_5
> #c.treatment_ge]) (_se[c.wage_below_5#c.treatment_ge]) (e(r2_o)) (e(N))

. post `results' ("Table A.4") ("3") ("Wage<5*Neutral treatment") (_b[c.wage_be
> low_5#c.treatment_neutral]) (_se[c.wage_below_5#c.treatment_neutral]) (e(r2_o
> )) (e(N))

. post `results' ("Table A.4") ("3") ("Constant") (_b[_cons]) (_se[_cons]) (e(r
> 2_o)) (e(N))

. 
. quietly xtlogit acceptance c.wage_below_5, re vce(cluster n)

. post `results' ("Table A.4") ("4") ("Wage<5") (_b[wage_below_5]) (_se[wage_be
> low_5]) (.) (e(N))

. post `results' ("Table A.4") ("4") ("Constant") (_b[_cons]) (_se[_cons]) (.) 
> (e(N))

. 
. quietly xtlogit acceptance c.wage_below_5 c.treatment_ge c.treatment_neutral 
> c.wage_below_5#c.treatment_ge c.wage_below_5#c.treatment_neutral, re vce(clus
> ter n)

. post `results' ("Table A.4") ("5") ("Wage<5") (_b[wage_below_5]) (_se[wage_be
> low_5]) (.) (e(N))

. post `results' ("Table A.4") ("5") ("GE treatment") (_b[treatment_ge]) (_se[t
> reatment_ge]) (.) (e(N))

. post `results' ("Table A.4") ("5") ("Neutral treatment") (_b[treatment_neutra
> l]) (_se[treatment_neutral]) (.) (e(N))

. post `results' ("Table A.4") ("5") ("Wage<5*GE treatment") (_b[c.wage_below_5
> #c.treatment_ge]) (_se[c.wage_below_5#c.treatment_ge]) (.) (e(N))

. post `results' ("Table A.4") ("5") ("Wage<5*Neutral treatment") (_b[c.wage_be
> low_5#c.treatment_neutral]) (_se[c.wage_below_5#c.treatment_neutral]) (.) (e(
> N))

. post `results' ("Table A.4") ("5") ("Constant") (_b[_cons]) (_se[_cons]) (.) 
> (e(N))

. 
. quietly xtlogit acceptance c.wage_below_5 c.treatment_ge c.treatment_neutral 
> c.wage_below_5#c.treatment_ge c.wage_below_5#c.treatment_neutral i.gender i.s
> tudy age, re vce(cluster n)

. post `results' ("Table A.4") ("6") ("Wage<5") (_b[wage_below_5]) (_se[wage_be
> low_5]) (.) (e(N))

. post `results' ("Table A.4") ("6") ("GE treatment") (_b[treatment_ge]) (_se[t
> reatment_ge]) (.) (e(N))

. post `results' ("Table A.4") ("6") ("Neutral treatment") (_b[treatment_neutra
> l]) (_se[treatment_neutral]) (.) (e(N))

. post `results' ("Table A.4") ("6") ("Wage<5*GE treatment") (_b[c.wage_below_5
> #c.treatment_ge]) (_se[c.wage_below_5#c.treatment_ge]) (.) (e(N))

. post `results' ("Table A.4") ("6") ("Wage<5*Neutral treatment") (_b[c.wage_be
> low_5#c.treatment_neutral]) (_se[c.wage_below_5#c.treatment_neutral]) (.) (e(
> N))

. post `results' ("Table A.4") ("6") ("Constant") (_b[_cons]) (_se[_cons]) (.) 
> (e(N))

. 
. import delimited data/derived/agent_wage_long.csv, clear varnames(1)
(encoding automatically selected: ISO-8859-1)
(20 vars, 3,600 obs)

. keep if treatment == "P" | treatment == "S" | treatment == "PAN"
(810 observations deleted)

. generate wage_below_5 = wage < 5

. generate treatment_ge = treatment == "P"

. generate treatment_efficiency = treatment == "PAN"

. xtset n

Panel variable: n (balanced)

. 
. quietly xtreg acceptance c.wage_below_5, re cluster(n)

. post `results' ("Table A.5") ("1") ("Wage<5") (_b[wage_below_5]) (_se[wage_be
> low_5]) (e(r2_o)) (e(N))

. post `results' ("Table A.5") ("1") ("Constant") (_b[_cons]) (_se[_cons]) (e(r
> 2_o)) (e(N))

. 
. quietly xtreg acceptance c.wage_below_5 c.treatment_ge c.treatment_efficiency
>  c.wage_below_5#c.treatment_ge c.wage_below_5#c.treatment_efficiency, re clus
> ter(n)

. post `results' ("Table A.5") ("2") ("Wage<5") (_b[wage_below_5]) (_se[wage_be
> low_5]) (e(r2_o)) (e(N))

. post `results' ("Table A.5") ("2") ("GE treatment") (_b[treatment_ge]) (_se[t
> reatment_ge]) (e(r2_o)) (e(N))

. post `results' ("Table A.5") ("2") ("Efficiency treatment") (_b[treatment_eff
> iciency]) (_se[treatment_efficiency]) (e(r2_o)) (e(N))

. post `results' ("Table A.5") ("2") ("Wage<5*GE treatment") (_b[c.wage_below_5
> #c.treatment_ge]) (_se[c.wage_below_5#c.treatment_ge]) (e(r2_o)) (e(N))

. post `results' ("Table A.5") ("2") ("Wage<5*Efficiency treatment") (_b[c.wage
> _below_5#c.treatment_efficiency]) (_se[c.wage_below_5#c.treatment_efficiency]
> ) (e(r2_o)) (e(N))

. post `results' ("Table A.5") ("2") ("Constant") (_b[_cons]) (_se[_cons]) (e(r
> 2_o)) (e(N))

. 
. quietly xtreg acceptance c.wage_below_5 c.treatment_ge c.treatment_efficiency
>  c.wage_below_5#c.treatment_ge c.wage_below_5#c.treatment_efficiency i.gender
>  i.study age, re cluster(n)

. post `results' ("Table A.5") ("3") ("Wage<5") (_b[wage_below_5]) (_se[wage_be
> low_5]) (e(r2_o)) (e(N))

. post `results' ("Table A.5") ("3") ("GE treatment") (_b[treatment_ge]) (_se[t
> reatment_ge]) (e(r2_o)) (e(N))

. post `results' ("Table A.5") ("3") ("Efficiency treatment") (_b[treatment_eff
> iciency]) (_se[treatment_efficiency]) (e(r2_o)) (e(N))

. post `results' ("Table A.5") ("3") ("Wage<5*GE treatment") (_b[c.wage_below_5
> #c.treatment_ge]) (_se[c.wage_below_5#c.treatment_ge]) (e(r2_o)) (e(N))

. post `results' ("Table A.5") ("3") ("Wage<5*Efficiency treatment") (_b[c.wage
> _below_5#c.treatment_efficiency]) (_se[c.wage_below_5#c.treatment_efficiency]
> ) (e(r2_o)) (e(N))

. post `results' ("Table A.5") ("3") ("Constant") (_b[_cons]) (_se[_cons]) (e(r
> 2_o)) (e(N))

. 
. quietly xtlogit acceptance c.wage_below_5, re vce(cluster n)

. post `results' ("Table A.5") ("4") ("Wage<5") (_b[wage_below_5]) (_se[wage_be
> low_5]) (.) (e(N))

. post `results' ("Table A.5") ("4") ("Constant") (_b[_cons]) (_se[_cons]) (.) 
> (e(N))

. 
. quietly xtlogit acceptance c.wage_below_5 c.treatment_ge c.treatment_efficien
> cy c.wage_below_5#c.treatment_ge c.wage_below_5#c.treatment_efficiency, re vc
> e(cluster n)

. post `results' ("Table A.5") ("5") ("Wage<5") (_b[wage_below_5]) (_se[wage_be
> low_5]) (.) (e(N))

. post `results' ("Table A.5") ("5") ("GE treatment") (_b[treatment_ge]) (_se[t
> reatment_ge]) (.) (e(N))

. post `results' ("Table A.5") ("5") ("Efficiency treatment") (_b[treatment_eff
> iciency]) (_se[treatment_efficiency]) (.) (e(N))

. post `results' ("Table A.5") ("5") ("Wage<5*GE treatment") (_b[c.wage_below_5
> #c.treatment_ge]) (_se[c.wage_below_5#c.treatment_ge]) (.) (e(N))

. post `results' ("Table A.5") ("5") ("Wage<5*Efficiency treatment") (_b[c.wage
> _below_5#c.treatment_efficiency]) (_se[c.wage_below_5#c.treatment_efficiency]
> ) (.) (e(N))

. post `results' ("Table A.5") ("5") ("Constant") (_b[_cons]) (_se[_cons]) (.) 
> (e(N))

. 
. quietly xtlogit acceptance c.wage_below_5 c.treatment_ge c.treatment_efficien
> cy c.wage_below_5#c.treatment_ge c.wage_below_5#c.treatment_efficiency i.gend
> er i.study age, re vce(cluster n)

. post `results' ("Table A.5") ("6") ("Wage<5") (_b[wage_below_5]) (_se[wage_be
> low_5]) (.) (e(N))

. post `results' ("Table A.5") ("6") ("GE treatment") (_b[treatment_ge]) (_se[t
> reatment_ge]) (.) (e(N))

. post `results' ("Table A.5") ("6") ("Efficiency treatment") (_b[treatment_eff
> iciency]) (_se[treatment_efficiency]) (.) (e(N))

. post `results' ("Table A.5") ("6") ("Wage<5*GE treatment") (_b[c.wage_below_5
> #c.treatment_ge]) (_se[c.wage_below_5#c.treatment_ge]) (.) (e(N))

. post `results' ("Table A.5") ("6") ("Wage<5*Efficiency treatment") (_b[c.wage
> _below_5#c.treatment_efficiency]) (_se[c.wage_below_5#c.treatment_efficiency]
> ) (.) (e(N))

. post `results' ("Table A.5") ("6") ("Constant") (_b[_cons]) (_se[_cons]) (.) 
> (e(N))

. 
. import delimited data/derived/agent_wage_long.csv, clear varnames(1)
(encoding automatically selected: ISO-8859-1)
(20 vars, 3,600 obs)

. keep if treatment == "P" | treatment == "S" | treatment == "N"
(1,080 observations deleted)

. generate treatment_ge = treatment == "P"

. generate treatment_neutral = treatment == "N"

. xtset n

Panel variable: n (balanced)

. 
. quietly xtreg effort c.wage, re cluster(n)

. post `results' ("Table A.6") ("1") ("Wage") (_b[wage]) (_se[wage]) (e(r2_o)) 
> (e(N))

. post `results' ("Table A.6") ("1") ("Constant") (_b[_cons]) (_se[_cons]) (e(r
> 2_o)) (e(N))

. 
. quietly xtreg effort c.wage c.treatment_ge c.treatment_neutral c.wage#c.treat
> ment_ge c.wage#c.treatment_neutral, re cluster(n)

. post `results' ("Table A.6") ("2") ("Wage") (_b[wage]) (_se[wage]) (e(r2_o)) 
> (e(N))

. post `results' ("Table A.6") ("2") ("GE treatment") (_b[treatment_ge]) (_se[t
> reatment_ge]) (e(r2_o)) (e(N))

. post `results' ("Table A.6") ("2") ("Neutral treatment") (_b[treatment_neutra
> l]) (_se[treatment_neutral]) (e(r2_o)) (e(N))

. post `results' ("Table A.6") ("2") ("Wage*GE treatment") (_b[c.wage#c.treatme
> nt_ge]) (_se[c.wage#c.treatment_ge]) (e(r2_o)) (e(N))

. post `results' ("Table A.6") ("2") ("Wage*Neutral treatment") (_b[c.wage#c.tr
> eatment_neutral]) (_se[c.wage#c.treatment_neutral]) (e(r2_o)) (e(N))

. post `results' ("Table A.6") ("2") ("Constant") (_b[_cons]) (_se[_cons]) (e(r
> 2_o)) (e(N))

. 
. quietly xtreg effort c.wage c.treatment_ge c.treatment_neutral c.wage#c.treat
> ment_ge c.wage#c.treatment_neutral i.gender i.study age, re cluster(n)

. post `results' ("Table A.6") ("3") ("Wage") (_b[wage]) (_se[wage]) (e(r2_o)) 
> (e(N))

. post `results' ("Table A.6") ("3") ("GE treatment") (_b[treatment_ge]) (_se[t
> reatment_ge]) (e(r2_o)) (e(N))

. post `results' ("Table A.6") ("3") ("Neutral treatment") (_b[treatment_neutra
> l]) (_se[treatment_neutral]) (e(r2_o)) (e(N))

. post `results' ("Table A.6") ("3") ("Wage*GE treatment") (_b[c.wage#c.treatme
> nt_ge]) (_se[c.wage#c.treatment_ge]) (e(r2_o)) (e(N))

. post `results' ("Table A.6") ("3") ("Wage*Neutral treatment") (_b[c.wage#c.tr
> eatment_neutral]) (_se[c.wage#c.treatment_neutral]) (e(r2_o)) (e(N))

. post `results' ("Table A.6") ("3") ("Constant") (_b[_cons]) (_se[_cons]) (e(r
> 2_o)) (e(N))

. 
. quietly tobit effort c.wage, ul(10) ll(0) vce(cluster n)

. post `results' ("Table A.6") ("4") ("Wage") (_b[wage]) (_se[wage]) (e(r2_p)) 
> (e(N))

. post `results' ("Table A.6") ("4") ("Constant") (_b[_cons]) (_se[_cons]) (e(r
> 2_p)) (e(N))

. 
. quietly tobit effort c.wage c.treatment_ge c.treatment_neutral c.wage#c.treat
> ment_ge c.wage#c.treatment_neutral, ul(10) ll(0) vce(cluster n)

. post `results' ("Table A.6") ("5") ("Wage") (_b[wage]) (_se[wage]) (e(r2_p)) 
> (e(N))

. post `results' ("Table A.6") ("5") ("GE treatment") (_b[treatment_ge]) (_se[t
> reatment_ge]) (e(r2_p)) (e(N))

. post `results' ("Table A.6") ("5") ("Neutral treatment") (_b[treatment_neutra
> l]) (_se[treatment_neutral]) (e(r2_p)) (e(N))

. post `results' ("Table A.6") ("5") ("Wage*GE treatment") (_b[c.wage#c.treatme
> nt_ge]) (_se[c.wage#c.treatment_ge]) (e(r2_p)) (e(N))

. post `results' ("Table A.6") ("5") ("Wage*Neutral treatment") (_b[c.wage#c.tr
> eatment_neutral]) (_se[c.wage#c.treatment_neutral]) (e(r2_p)) (e(N))

. post `results' ("Table A.6") ("5") ("Constant") (_b[_cons]) (_se[_cons]) (e(r
> 2_p)) (e(N))

. 
. quietly tobit effort c.wage c.treatment_ge c.treatment_neutral c.wage#c.treat
> ment_ge c.wage#c.treatment_neutral i.gender i.study age, ul(10) ll(0) vce(clu
> ster n)

. post `results' ("Table A.6") ("6") ("Wage") (_b[wage]) (_se[wage]) (e(r2_p)) 
> (e(N))

. post `results' ("Table A.6") ("6") ("GE treatment") (_b[treatment_ge]) (_se[t
> reatment_ge]) (e(r2_p)) (e(N))

. post `results' ("Table A.6") ("6") ("Neutral treatment") (_b[treatment_neutra
> l]) (_se[treatment_neutral]) (e(r2_p)) (e(N))

. post `results' ("Table A.6") ("6") ("Wage*GE treatment") (_b[c.wage#c.treatme
> nt_ge]) (_se[c.wage#c.treatment_ge]) (e(r2_p)) (e(N))

. post `results' ("Table A.6") ("6") ("Wage*Neutral treatment") (_b[c.wage#c.tr
> eatment_neutral]) (_se[c.wage#c.treatment_neutral]) (e(r2_p)) (e(N))

. post `results' ("Table A.6") ("6") ("Constant") (_b[_cons]) (_se[_cons]) (e(r
> 2_p)) (e(N))

. 
. import delimited data/derived/agent_wage_long.csv, clear varnames(1)
(encoding automatically selected: ISO-8859-1)
(20 vars, 3,600 obs)

. keep if treatment == "P" | treatment == "S" | treatment == "PAN"
(810 observations deleted)

. generate treatment_ge = treatment == "P"

. generate treatment_efficiency = treatment == "PAN"

. xtset n

Panel variable: n (balanced)

. 
. quietly xtreg effort c.wage, re cluster(n)

. post `results' ("Table A.7") ("1") ("Wage") (_b[wage]) (_se[wage]) (e(r2_o)) 
> (e(N))

. post `results' ("Table A.7") ("1") ("Constant") (_b[_cons]) (_se[_cons]) (e(r
> 2_o)) (e(N))

. 
. quietly xtreg effort c.wage c.treatment_ge c.treatment_efficiency c.wage#c.tr
> eatment_ge c.wage#c.treatment_efficiency, re cluster(n)

. post `results' ("Table A.7") ("2") ("Wage") (_b[wage]) (_se[wage]) (e(r2_o)) 
> (e(N))

. post `results' ("Table A.7") ("2") ("GE treatment") (_b[treatment_ge]) (_se[t
> reatment_ge]) (e(r2_o)) (e(N))

. post `results' ("Table A.7") ("2") ("Efficiency treatment") (_b[treatment_eff
> iciency]) (_se[treatment_efficiency]) (e(r2_o)) (e(N))

. post `results' ("Table A.7") ("2") ("Wage*GE treatment") (_b[c.wage#c.treatme
> nt_ge]) (_se[c.wage#c.treatment_ge]) (e(r2_o)) (e(N))

. post `results' ("Table A.7") ("2") ("Wage*Efficiency treatment") (_b[c.wage#c
> .treatment_efficiency]) (_se[c.wage#c.treatment_efficiency]) (e(r2_o)) (e(N))

. post `results' ("Table A.7") ("2") ("Constant") (_b[_cons]) (_se[_cons]) (e(r
> 2_o)) (e(N))

. 
. quietly xtreg effort c.wage c.treatment_ge c.treatment_efficiency c.wage#c.tr
> eatment_ge c.wage#c.treatment_efficiency i.gender i.study age, re cluster(n)

. post `results' ("Table A.7") ("3") ("Wage") (_b[wage]) (_se[wage]) (e(r2_o)) 
> (e(N))

. post `results' ("Table A.7") ("3") ("GE treatment") (_b[treatment_ge]) (_se[t
> reatment_ge]) (e(r2_o)) (e(N))

. post `results' ("Table A.7") ("3") ("Efficiency treatment") (_b[treatment_eff
> iciency]) (_se[treatment_efficiency]) (e(r2_o)) (e(N))

. post `results' ("Table A.7") ("3") ("Wage*GE treatment") (_b[c.wage#c.treatme
> nt_ge]) (_se[c.wage#c.treatment_ge]) (e(r2_o)) (e(N))

. post `results' ("Table A.7") ("3") ("Wage*Efficiency treatment") (_b[c.wage#c
> .treatment_efficiency]) (_se[c.wage#c.treatment_efficiency]) (e(r2_o)) (e(N))

. post `results' ("Table A.7") ("3") ("Constant") (_b[_cons]) (_se[_cons]) (e(r
> 2_o)) (e(N))

. 
. quietly tobit effort c.wage, ul(10) ll(0) vce(cluster n)

. post `results' ("Table A.7") ("4") ("Wage") (_b[wage]) (_se[wage]) (e(r2_p)) 
> (e(N))

. post `results' ("Table A.7") ("4") ("Constant") (_b[_cons]) (_se[_cons]) (e(r
> 2_p)) (e(N))

. 
. quietly tobit effort c.wage c.treatment_ge c.treatment_efficiency c.wage#c.tr
> eatment_ge c.wage#c.treatment_efficiency, ul(10) ll(0) vce(cluster n)

. post `results' ("Table A.7") ("5") ("Wage") (_b[wage]) (_se[wage]) (e(r2_p)) 
> (e(N))

. post `results' ("Table A.7") ("5") ("GE treatment") (_b[treatment_ge]) (_se[t
> reatment_ge]) (e(r2_p)) (e(N))

. post `results' ("Table A.7") ("5") ("Efficiency treatment") (_b[treatment_eff
> iciency]) (_se[treatment_efficiency]) (e(r2_p)) (e(N))

. post `results' ("Table A.7") ("5") ("Wage*GE treatment") (_b[c.wage#c.treatme
> nt_ge]) (_se[c.wage#c.treatment_ge]) (e(r2_p)) (e(N))

. post `results' ("Table A.7") ("5") ("Wage*Efficiency treatment") (_b[c.wage#c
> .treatment_efficiency]) (_se[c.wage#c.treatment_efficiency]) (e(r2_p)) (e(N))

. post `results' ("Table A.7") ("5") ("Constant") (_b[_cons]) (_se[_cons]) (e(r
> 2_p)) (e(N))

. 
. quietly tobit effort c.wage c.treatment_ge c.treatment_efficiency c.wage#c.tr
> eatment_ge c.wage#c.treatment_efficiency i.gender i.study age, ul(10) ll(0) v
> ce(cluster n)

. post `results' ("Table A.7") ("6") ("Wage") (_b[wage]) (_se[wage]) (e(r2_p)) 
> (e(N))

. post `results' ("Table A.7") ("6") ("GE treatment") (_b[treatment_ge]) (_se[t
> reatment_ge]) (e(r2_p)) (e(N))

. post `results' ("Table A.7") ("6") ("Efficiency treatment") (_b[treatment_eff
> iciency]) (_se[treatment_efficiency]) (e(r2_p)) (e(N))

. post `results' ("Table A.7") ("6") ("Wage*GE treatment") (_b[c.wage#c.treatme
> nt_ge]) (_se[c.wage#c.treatment_ge]) (e(r2_p)) (e(N))

. post `results' ("Table A.7") ("6") ("Wage*Efficiency treatment") (_b[c.wage#c
> .treatment_efficiency]) (_se[c.wage#c.treatment_efficiency]) (e(r2_p)) (e(N))

. post `results' ("Table A.7") ("6") ("Constant") (_b[_cons]) (_se[_cons]) (e(r
> 2_p)) (e(N))

. 
. import delimited data/derived/principals.csv, clear varnames(1)
(encoding automatically selected: ISO-8859-1)
(205 vars, 200 obs)

. keep if treatment == "P" | treatment == "S" | treatment == "N"
(60 observations deleted)

. generate offered_wage = pa_offer_principal

. generate treatment_ge = treatment == "P"

. generate treatment_neutral = treatment == "N"

. generate ge_charity = treatment_ge * dictatorcharity

. generate neutral_charity = treatment_neutral * dictatorcharity

. 
. quietly regress offered_wage treatment_ge treatment_neutral, robust

. post `results' ("Table A.8") ("1") ("GE treatment") (_b[treatment_ge]) (_se[t
> reatment_ge]) (e(r2)) (e(N))

. post `results' ("Table A.8") ("1") ("Neutral treatment") (_b[treatment_neutra
> l]) (_se[treatment_neutral]) (e(r2)) (e(N))

. post `results' ("Table A.8") ("1") ("Constant") (_b[_cons]) (_se[_cons]) (e(r
> 2)) (e(N))

. 
. quietly regress offered_wage treatment_ge treatment_neutral dictatorcharity, 
> robust

. post `results' ("Table A.8") ("2") ("GE treatment") (_b[treatment_ge]) (_se[t
> reatment_ge]) (e(r2)) (e(N))

. post `results' ("Table A.8") ("2") ("Neutral treatment") (_b[treatment_neutra
> l]) (_se[treatment_neutral]) (e(r2)) (e(N))

. post `results' ("Table A.8") ("2") ("Charitable motivation") (_b[dictatorchar
> ity]) (_se[dictatorcharity]) (e(r2)) (e(N))

. post `results' ("Table A.8") ("2") ("Constant") (_b[_cons]) (_se[_cons]) (e(r
> 2)) (e(N))

. 
. quietly regress offered_wage treatment_ge treatment_neutral dictatorcharity g
> e_charity neutral_charity, robust

. post `results' ("Table A.8") ("3") ("GE treatment") (_b[treatment_ge]) (_se[t
> reatment_ge]) (e(r2)) (e(N))

. post `results' ("Table A.8") ("3") ("Neutral treatment") (_b[treatment_neutra
> l]) (_se[treatment_neutral]) (e(r2)) (e(N))

. post `results' ("Table A.8") ("3") ("Charitable motivation") (_b[dictatorchar
> ity]) (_se[dictatorcharity]) (e(r2)) (e(N))

. post `results' ("Table A.8") ("3") ("GE treatment*Charitable motivation") (_b
> [ge_charity]) (_se[ge_charity]) (e(r2)) (e(N))

. post `results' ("Table A.8") ("3") ("Neutral treatment*Charitable motivation"
> ) (_b[neutral_charity]) (_se[neutral_charity]) (e(r2)) (e(N))

. post `results' ("Table A.8") ("3") ("Constant") (_b[_cons]) (_se[_cons]) (e(r
> 2)) (e(N))

. 
. quietly regress offered_wage treatment_ge treatment_neutral dictatorcharity g
> e_charity neutral_charity i.gender i.study age, robust

. post `results' ("Table A.8") ("4") ("GE treatment") (_b[treatment_ge]) (_se[t
> reatment_ge]) (e(r2)) (e(N))

. post `results' ("Table A.8") ("4") ("Neutral treatment") (_b[treatment_neutra
> l]) (_se[treatment_neutral]) (e(r2)) (e(N))

. post `results' ("Table A.8") ("4") ("Charitable motivation") (_b[dictatorchar
> ity]) (_se[dictatorcharity]) (e(r2)) (e(N))

. post `results' ("Table A.8") ("4") ("GE treatment*Charitable motivation") (_b
> [ge_charity]) (_se[ge_charity]) (e(r2)) (e(N))

. post `results' ("Table A.8") ("4") ("Neutral treatment*Charitable motivation"
> ) (_b[neutral_charity]) (_se[neutral_charity]) (e(r2)) (e(N))

. post `results' ("Table A.8") ("4") ("Constant") (_b[_cons]) (_se[_cons]) (e(r
> 2)) (e(N))

. 
. import delimited data/derived/principals.csv, clear varnames(1)
(encoding automatically selected: ISO-8859-1)
(205 vars, 200 obs)

. keep if treatment == "P" | treatment == "S" | treatment == "PAN"
(45 observations deleted)

. generate offered_wage = pa_offer_principal

. generate treatment_ge = treatment == "P"

. generate treatment_efficiency = treatment == "PAN"

. generate ge_charity = treatment_ge * dictatorcharity

. generate efficiency_charity = treatment_efficiency * dictatorcharity

. 
. quietly regress offered_wage treatment_ge treatment_efficiency, robust

. post `results' ("Table A.9") ("1") ("GE treatment") (_b[treatment_ge]) (_se[t
> reatment_ge]) (e(r2)) (e(N))

. post `results' ("Table A.9") ("1") ("Efficiency treatment") (_b[treatment_eff
> iciency]) (_se[treatment_efficiency]) (e(r2)) (e(N))

. post `results' ("Table A.9") ("1") ("Constant") (_b[_cons]) (_se[_cons]) (e(r
> 2)) (e(N))

. 
. quietly regress offered_wage treatment_ge treatment_efficiency dictatorcharit
> y, robust

. post `results' ("Table A.9") ("2") ("GE treatment") (_b[treatment_ge]) (_se[t
> reatment_ge]) (e(r2)) (e(N))

. post `results' ("Table A.9") ("2") ("Efficiency treatment") (_b[treatment_eff
> iciency]) (_se[treatment_efficiency]) (e(r2)) (e(N))

. post `results' ("Table A.9") ("2") ("Charitable motivation") (_b[dictatorchar
> ity]) (_se[dictatorcharity]) (e(r2)) (e(N))

. post `results' ("Table A.9") ("2") ("Constant") (_b[_cons]) (_se[_cons]) (e(r
> 2)) (e(N))

. 
. quietly regress offered_wage treatment_ge treatment_efficiency dictatorcharit
> y ge_charity efficiency_charity, robust

. post `results' ("Table A.9") ("3") ("GE treatment") (_b[treatment_ge]) (_se[t
> reatment_ge]) (e(r2)) (e(N))

. post `results' ("Table A.9") ("3") ("Efficiency treatment") (_b[treatment_eff
> iciency]) (_se[treatment_efficiency]) (e(r2)) (e(N))

. post `results' ("Table A.9") ("3") ("Charitable motivation") (_b[dictatorchar
> ity]) (_se[dictatorcharity]) (e(r2)) (e(N))

. post `results' ("Table A.9") ("3") ("GE treatment*Charitable motivation") (_b
> [ge_charity]) (_se[ge_charity]) (e(r2)) (e(N))

. post `results' ("Table A.9") ("3") ("Efficiency treatment*Charitable motivati
> on") (_b[efficiency_charity]) (_se[efficiency_charity]) (e(r2)) (e(N))

. post `results' ("Table A.9") ("3") ("Constant") (_b[_cons]) (_se[_cons]) (e(r
> 2)) (e(N))

. 
. quietly regress offered_wage treatment_ge treatment_efficiency dictatorcharit
> y ge_charity efficiency_charity i.gender i.study age, robust

. post `results' ("Table A.9") ("4") ("GE treatment") (_b[treatment_ge]) (_se[t
> reatment_ge]) (e(r2)) (e(N))

. post `results' ("Table A.9") ("4") ("Efficiency treatment") (_b[treatment_eff
> iciency]) (_se[treatment_efficiency]) (e(r2)) (e(N))

. post `results' ("Table A.9") ("4") ("Charitable motivation") (_b[dictatorchar
> ity]) (_se[dictatorcharity]) (e(r2)) (e(N))

. post `results' ("Table A.9") ("4") ("GE treatment*Charitable motivation") (_b
> [ge_charity]) (_se[ge_charity]) (e(r2)) (e(N))

. post `results' ("Table A.9") ("4") ("Efficiency treatment*Charitable motivati
> on") (_b[efficiency_charity]) (_se[efficiency_charity]) (e(r2)) (e(N))

. post `results' ("Table A.9") ("4") ("Constant") (_b[_cons]) (_se[_cons]) (e(r
> 2)) (e(N))

. 
. postclose `results'

. 
. use results/diagnostics/tables/appendix_tables_results.dta, clear

. export delimited using results/diagnostics/tables/appendix_tables_results.csv
> , replace
file results/diagnostics/tables/appendix_tables_results.csv saved

. 
. log close
      name:  <unnamed>
       log:  /Users/jesper/Documents/Workspace/Github/efficiency-wages/results/
> diagnostics/logs/stata_appendix_tables.log
  log type:  text
 closed on:   5 May 2026, 05:14:35
-------------------------------------------------------------------------------
